0 info it worked if it ends with ok
1 verbose cli [ '/usr/local/bin/node', '/usr/local/bin/npm', 'run', 'generate' ]
2 info using npm@6.14.15
3 info using node@v12.22.7
4 verbose run-script [ 'pregenerate', 'generate', 'postgenerate' ]
5 info lifecycle musicationru@1.0.0~pregenerate: musicationru@1.0.0
6 info lifecycle musicationru@1.0.0~generate: musicationru@1.0.0
7 verbose lifecycle musicationru@1.0.0~generate: unsafe-perm in lifecycle true
8 verbose lifecycle musicationru@1.0.0~generate: PATH: /usr/local/lib/node_modules/npm/node_modules/npm-lifecycle/node-gyp-bin:/Users/user/Documents/projects/musicationru/node_modules/.bin:/usr/local/bin:/usr/bin:/bin:/usr/sbin:/sbin:/Library/Apple/usr/bin
9 verbose lifecycle musicationru@1.0.0~generate: CWD: /Users/user/Documents/projects/musicationru
10 silly lifecycle musicationru@1.0.0~generate: Args: [ '-c', 'nuxt generate' ]
11 silly lifecycle musicationru@1.0.0~generate: Returned: code: 1  signal: null
12 info lifecycle musicationru@1.0.0~generate: Failed to exec generate script
13 verbose stack Error: musicationru@1.0.0 generate: `nuxt generate`
13 verbose stack Exit status 1
13 verbose stack     at EventEmitter.<anonymous> (/usr/local/lib/node_modules/npm/node_modules/npm-lifecycle/index.js:332:16)
13 verbose stack     at EventEmitter.emit (events.js:314:20)
13 verbose stack     at ChildProcess.<anonymous> (/usr/local/lib/node_modules/npm/node_modules/npm-lifecycle/lib/spawn.js:55:14)
13 verbose stack     at ChildProcess.emit (events.js:314:20)
13 verbose stack     at maybeClose (internal/child_process.js:1022:16)
13 verbose stack     at Process.ChildProcess._handle.onexit (internal/child_process.js:287:5)
14 verbose pkgid musicationru@1.0.0
15 verbose cwd /Users/user/Documents/projects/musicationru
16 verbose Darwin 19.6.0
17 verbose argv "/usr/local/bin/node" "/usr/local/bin/npm" "run" "generate"
18 verbose node v12.22.7
19 verbose npm  v6.14.15
20 error code ELIFECYCLE
21 error errno 1
22 error musicationru@1.0.0 generate: `nuxt generate`
22 error Exit status 1
23 error Failed at the musicationru@1.0.0 generate script.
23 error This is probably not a problem with npm. There is likely additional logging output above.
24 verbose exit [ 1, true ]
